
*** Running vivado
    with args -log CPU_display.vds -m64 -mode batch -messageDb vivado.pb -notrace -source CPU_display.tcl


****** Vivado v2015.3 (64-bit)
  **** SW Build 1368829 on Mon Sep 28 20:06:43 MDT 2015
  **** IP Build 1367837 on Mon Sep 28 08:56:14 MDT 2015
    ** Copyright 1986-2015 Xilinx, Inc. All Rights Reserved.

source CPU_display.tcl -notrace
Command: synth_design -top CPU_display -part xc7a35tcpg236-1
Starting synth_design
Attempting to get a license for feature 'Synthesis' and/or device 'xc7a35t'
INFO: [Common 17-349] Got license for feature 'Synthesis' and/or device 'xc7a35t'
---------------------------------------------------------------------------------
Starting RTL Elaboration : Time (s): cpu = 00:00:08 ; elapsed = 00:00:20 . Memory (MB): peak = 287.031 ; gain = 115.273
---------------------------------------------------------------------------------
INFO: [Synth 8-638] synthesizing module 'CPU_display' [D:/NEW/vivado/MultipleCycleCPU_Basys3/MultipleCycleCPU_Basys3.srcs/sources_1/new/CPU_display.v:23]
INFO: [Synth 8-638] synthesizing module 'Debounce' [D:/NEW/vivado/MultipleCycleCPU_Basys3/MultipleCycleCPU_Basys3.srcs/sources_1/new/Debounce.v:3]
INFO: [Synth 8-256] done synthesizing module 'Debounce' (1#1) [D:/NEW/vivado/MultipleCycleCPU_Basys3/MultipleCycleCPU_Basys3.srcs/sources_1/new/Debounce.v:3]
INFO: [Synth 8-638] synthesizing module 'MultipleCycleCPU' [D:/NEW/vivado/MultipleCycleCPU_Basys3/MultipleCycleCPU_Basys3.srcs/sources_1/new/MultipleCycleCPU.v:23]
INFO: [Synth 8-638] synthesizing module 'SignZeroExtend' [D:/NEW/vivado/MultipleCycleCPU_Basys3/MultipleCycleCPU_Basys3.srcs/sources_1/new/SignZeroExtend.v:2]
INFO: [Synth 8-256] done synthesizing module 'SignZeroExtend' (2#1) [D:/NEW/vivado/MultipleCycleCPU_Basys3/MultipleCycleCPU_Basys3.srcs/sources_1/new/SignZeroExtend.v:2]
INFO: [Synth 8-638] synthesizing module 'RegisterFile' [D:/NEW/vivado/MultipleCycleCPU_Basys3/MultipleCycleCPU_Basys3.srcs/sources_1/new/RegisterFile.v:2]
INFO: [Synth 8-256] done synthesizing module 'RegisterFile' (3#1) [D:/NEW/vivado/MultipleCycleCPU_Basys3/MultipleCycleCPU_Basys3.srcs/sources_1/new/RegisterFile.v:2]
INFO: [Synth 8-638] synthesizing module 'PC' [D:/NEW/vivado/MultipleCycleCPU_Basys3/MultipleCycleCPU_Basys3.srcs/sources_1/new/PC.v:2]
INFO: [Synth 8-256] done synthesizing module 'PC' (4#1) [D:/NEW/vivado/MultipleCycleCPU_Basys3/MultipleCycleCPU_Basys3.srcs/sources_1/new/PC.v:2]
INFO: [Synth 8-638] synthesizing module 'InsMEM' [D:/NEW/vivado/MultipleCycleCPU_Basys3/MultipleCycleCPU_Basys3.srcs/sources_1/new/InsMEM.v:23]
INFO: [Synth 8-3876] $readmem data file 'D:/NEW/vivado/MultipleCycleCPU/romData.txt' is read successfully [D:/NEW/vivado/MultipleCycleCPU_Basys3/MultipleCycleCPU_Basys3.srcs/sources_1/new/InsMEM.v:32]
INFO: [Synth 8-256] done synthesizing module 'InsMEM' (5#1) [D:/NEW/vivado/MultipleCycleCPU_Basys3/MultipleCycleCPU_Basys3.srcs/sources_1/new/InsMEM.v:23]
INFO: [Synth 8-638] synthesizing module 'IR' [D:/NEW/vivado/MultipleCycleCPU_Basys3/MultipleCycleCPU_Basys3.srcs/sources_1/new/IR.v:23]
INFO: [Synth 8-256] done synthesizing module 'IR' (6#1) [D:/NEW/vivado/MultipleCycleCPU_Basys3/MultipleCycleCPU_Basys3.srcs/sources_1/new/IR.v:23]
INFO: [Synth 8-638] synthesizing module 'DR' [D:/NEW/vivado/MultipleCycleCPU_Basys3/MultipleCycleCPU_Basys3.srcs/sources_1/new/DR.v:23]
INFO: [Synth 8-256] done synthesizing module 'DR' (7#1) [D:/NEW/vivado/MultipleCycleCPU_Basys3/MultipleCycleCPU_Basys3.srcs/sources_1/new/DR.v:23]
INFO: [Synth 8-638] synthesizing module 'ALU' [D:/NEW/vivado/MultipleCycleCPU_Basys3/MultipleCycleCPU_Basys3.srcs/sources_1/new/ALU.v:2]
INFO: [Synth 8-226] default block is never used [D:/NEW/vivado/MultipleCycleCPU_Basys3/MultipleCycleCPU_Basys3.srcs/sources_1/new/ALU.v:14]
INFO: [Synth 8-256] done synthesizing module 'ALU' (8#1) [D:/NEW/vivado/MultipleCycleCPU_Basys3/MultipleCycleCPU_Basys3.srcs/sources_1/new/ALU.v:2]
INFO: [Synth 8-638] synthesizing module 'ControlUnit' [D:/NEW/vivado/MultipleCycleCPU_Basys3/MultipleCycleCPU_Basys3.srcs/sources_1/new/ControlUnit.v:23]
	Parameter ADD bound to: 6'b000000 
	Parameter SUB bound to: 6'b000001 
	Parameter ADDI bound to: 6'b000010 
	Parameter OR bound to: 6'b010000 
	Parameter AND bound to: 6'b010001 
	Parameter ORI bound to: 6'b010010 
	Parameter SLL bound to: 6'b011000 
	Parameter SLT bound to: 6'b100110 
	Parameter SLTIU bound to: 6'b100111 
	Parameter SW bound to: 6'b110000 
	Parameter LW bound to: 6'b110001 
	Parameter BEQ bound to: 6'b110100 
	Parameter BLTZ bound to: 6'b110110 
	Parameter J bound to: 6'b111000 
	Parameter JR bound to: 6'b111001 
	Parameter JAL bound to: 6'b111010 
	Parameter HALT bound to: 6'b111111 
	Parameter sIF bound to: 3'b000 
	Parameter sID bound to: 3'b001 
	Parameter sEXE bound to: 3'b010 
	Parameter sMEM bound to: 3'b100 
	Parameter sWB bound to: 3'b011 
INFO: [Synth 8-256] done synthesizing module 'ControlUnit' (9#1) [D:/NEW/vivado/MultipleCycleCPU_Basys3/MultipleCycleCPU_Basys3.srcs/sources_1/new/ControlUnit.v:23]
INFO: [Synth 8-638] synthesizing module 'DataMEM' [D:/NEW/vivado/MultipleCycleCPU_Basys3/MultipleCycleCPU_Basys3.srcs/sources_1/new/DataMEM.v:23]
WARNING: [Synth 8-4767] Trying to implement RAM 'ram_reg' in registers. Block RAM or DRAM implementation is not possible; see log for reasons.
Reason is one or more of the following :
	1: RAM has multiple writes via different ports in same process. If RAM inferencing intended, write to one port per process. 
	2: Unable to determine number of words or word size in RAM. 
RAM "ram_reg" dissolved into registers
INFO: [Synth 8-256] done synthesizing module 'DataMEM' (10#1) [D:/NEW/vivado/MultipleCycleCPU_Basys3/MultipleCycleCPU_Basys3.srcs/sources_1/new/DataMEM.v:23]
INFO: [Synth 8-256] done synthesizing module 'MultipleCycleCPU' (11#1) [D:/NEW/vivado/MultipleCycleCPU_Basys3/MultipleCycleCPU_Basys3.srcs/sources_1/new/MultipleCycleCPU.v:23]
INFO: [Synth 8-638] synthesizing module 'bcd_scan_display' [D:/NEW/vivado/MultipleCycleCPU_Basys3/MultipleCycleCPU_Basys3.srcs/sources_1/new/bcd_scan_display.v:23]
	Parameter zero bound to: 7'b1000000 
	Parameter one bound to: 7'b1111001 
	Parameter two bound to: 7'b0100100 
	Parameter three bound to: 7'b0110000 
	Parameter four bound to: 7'b0011001 
	Parameter five bound to: 7'b0010010 
	Parameter six bound to: 7'b0000010 
	Parameter seven bound to: 7'b1111000 
	Parameter eight bound to: 7'b0000000 
	Parameter nine bound to: 7'b0010000 
	Parameter ten bound to: 7'b0001000 
	Parameter eleven bound to: 7'b0010011 
	Parameter twelve bound to: 7'b1000110 
	Parameter thirteen bound to: 7'b0100001 
	Parameter fourteen bound to: 7'b0000110 
	Parameter fifteen bound to: 7'b0001110 
	Parameter MAX_COUNT bound to: 99999 - type: integer 
INFO: [Synth 8-226] default block is never used [D:/NEW/vivado/MultipleCycleCPU_Basys3/MultipleCycleCPU_Basys3.srcs/sources_1/new/bcd_scan_display.v:71]
INFO: [Synth 8-256] done synthesizing module 'bcd_scan_display' (12#1) [D:/NEW/vivado/MultipleCycleCPU_Basys3/MultipleCycleCPU_Basys3.srcs/sources_1/new/bcd_scan_display.v:23]
INFO: [Synth 8-256] done synthesizing module 'CPU_display' (13#1) [D:/NEW/vivado/MultipleCycleCPU_Basys3/MultipleCycleCPU_Basys3.srcs/sources_1/new/CPU_display.v:23]
---------------------------------------------------------------------------------
Finished RTL Elaboration : Time (s): cpu = 00:00:10 ; elapsed = 00:00:23 . Memory (MB): peak = 324.145 ; gain = 152.387
---------------------------------------------------------------------------------

Report Check Netlist: 
+------+------------------+-------+---------+-------+------------------+
|      |Item              |Errors |Warnings |Status |Description       |
+------+------------------+-------+---------+-------+------------------+
|1     |multi_driven_nets |      0|        0|Passed |Multi driven nets |
+------+------------------+-------+---------+-------+------------------+
---------------------------------------------------------------------------------
Finished RTL Optimization Phase 1 : Time (s): cpu = 00:00:10 ; elapsed = 00:00:24 . Memory (MB): peak = 324.145 ; gain = 152.387
---------------------------------------------------------------------------------
INFO: [Device 21-403] Loading part xc7a35tcpg236-1
INFO: [Project 1-570] Preparing netlist for logic optimization

Processing XDC Constraints
Initializing timing engine
Parsing XDC File [D:/NEW/vivado/MultipleCycleCPU_Basys3/MultipleCycleCPU_Basys3.srcs/constrs_1/new/basys3.xdc]
Finished Parsing XDC File [D:/NEW/vivado/MultipleCycleCPU_Basys3/MultipleCycleCPU_Basys3.srcs/constrs_1/new/basys3.xdc]
INFO: [Project 1-236] Implementation specific constraints were found while reading constraint file [D:/NEW/vivado/MultipleCycleCPU_Basys3/MultipleCycleCPU_Basys3.srcs/constrs_1/new/basys3.xdc]. These constraints will be ignored for synthesis but will be used in implementation. Impacted constraints are listed in the file [.Xil/CPU_display_propImpl.xdc].
Resolution: To avoid this warning, move constraints listed in [.Xil/CPU_display_propImpl.xdc] to another XDC file and exclude this new file from synthesis with the used_in_synthesis property (File Properties dialog in GUI) and re-run elaboration/synthesis.
Completed Processing XDC Constraints

INFO: [Project 1-111] Unisim Transformation Summary:
No Unisim elements were transformed.

Constraint Validation Runtime : Time (s): cpu = 00:00:00 ; elapsed = 00:00:00.018 . Memory (MB): peak = 609.676 ; gain = 0.000
---------------------------------------------------------------------------------
Finished Constraint Validation : Time (s): cpu = 00:00:20 ; elapsed = 00:00:37 . Memory (MB): peak = 609.676 ; gain = 437.918
---------------------------------------------------------------------------------
---------------------------------------------------------------------------------
Start Loading Part and Timing Information
---------------------------------------------------------------------------------
Loading part: xc7a35tcpg236-1
---------------------------------------------------------------------------------
Finished Loading Part and Timing Information : Time (s): cpu = 00:00:20 ; elapsed = 00:00:37 . Memory (MB): peak = 609.676 ; gain = 437.918
---------------------------------------------------------------------------------
---------------------------------------------------------------------------------
Start Applying 'set_property' XDC Constraints
---------------------------------------------------------------------------------
---------------------------------------------------------------------------------
Finished applying 'set_property' XDC Constraints : Time (s): cpu = 00:00:20 ; elapsed = 00:00:37 . Memory (MB): peak = 609.676 ; gain = 437.918
---------------------------------------------------------------------------------
INFO: [Synth 8-3537] HDL ADVISOR - The operator resource <adder> is shared. To prevent sharing consider applying a KEEP on the inputs of the operator [D:/NEW/vivado/MultipleCycleCPU_Basys3/MultipleCycleCPU_Basys3.srcs/sources_1/new/ALU.v:11]
INFO: [Synth 8-802] inferred FSM for state register 'status_reg' in module 'ControlUnit'
INFO: [Synth 8-5546] ROM "ALUSrcA0" won't be mapped to RAM because it is too sparse
INFO: [Synth 8-5546] ROM "DBDataSrc0" won't be mapped to RAM because it is too sparse
INFO: [Synth 8-5546] ROM "WrRegDSrc0" won't be mapped to RAM because it is too sparse
INFO: [Synth 8-5546] ROM "RegDst" won't be mapped to RAM because it is too sparse
INFO: [Synth 8-5587] ROM size for "ALUOp" is below threshold of ROM address width. It will be mapped to LUTs
INFO: [Synth 8-5544] ROM "IRWre0" won't be mapped to Block RAM because address size (3) smaller than threshold (5)
INFO: [Synth 8-5546] ROM "status" won't be mapped to RAM because it is too sparse
INFO: [Synth 8-5546] ROM "status" won't be mapped to RAM because it is too sparse
INFO: [Synth 8-5546] ROM "status" won't be mapped to RAM because it is too sparse
INFO: [Synth 8-5544] ROM "position" won't be mapped to Block RAM because address size (4) smaller than threshold (5)
WARNING: [Synth 8-327] inferring latch for variable 'IDataOut_reg' [D:/NEW/vivado/MultipleCycleCPU_Basys3/MultipleCycleCPU_Basys3.srcs/sources_1/new/InsMEM.v:37]
---------------------------------------------------------------------------------------------------
                   State |                     New Encoding |                Previous Encoding 
---------------------------------------------------------------------------------------------------
                     sIF |                              000 |                              000
                     sID |                              001 |                              001
                    sEXE |                              010 |                              010
                    sMEM |                              011 |                              100
                     sWB |                              100 |                              011
---------------------------------------------------------------------------------------------------
INFO: [Synth 8-3354] encoded FSM with state register 'status_reg' using encoding 'sequential' in module 'ControlUnit'
---------------------------------------------------------------------------------
Finished RTL Optimization Phase 2 : Time (s): cpu = 00:00:21 ; elapsed = 00:00:38 . Memory (MB): peak = 609.676 ; gain = 437.918
---------------------------------------------------------------------------------

Report RTL Partitions: 
+-+--------------+------------+----------+
| |RTL Partition |Replication |Instances |
+-+--------------+------------+----------+
+-+--------------+------------+----------+
---------------------------------------------------------------------------------
Start RTL Component Statistics 
---------------------------------------------------------------------------------
Detailed RTL Component Info : 
+---Adders : 
	   2 Input     32 Bit       Adders := 5     
	   3 Input     32 Bit       Adders := 1     
	   2 Input      5 Bit       Adders := 3     
	   2 Input      4 Bit       Adders := 1     
+---XORs : 
	   2 Input     32 Bit         XORs := 1     
+---Registers : 
	               32 Bit    Registers := 2     
	                8 Bit    Registers := 32    
	                4 Bit    Registers := 1     
	                1 Bit    Registers := 3     
+---RAMs : 
	             1024 Bit         RAMs := 1     
+---Muxes : 
	   4 Input     32 Bit        Muxes := 1     
	   2 Input     32 Bit        Muxes := 5     
	   8 Input     32 Bit        Muxes := 1     
	   2 Input     16 Bit        Muxes := 1     
	   4 Input     16 Bit        Muxes := 1     
	   2 Input      8 Bit        Muxes := 96    
	  16 Input      7 Bit        Muxes := 1     
	   2 Input      5 Bit        Muxes := 2     
	   2 Input      4 Bit        Muxes := 3     
	   4 Input      4 Bit        Muxes := 2     
	   5 Input      3 Bit        Muxes := 1     
	  10 Input      3 Bit        Muxes := 1     
	   8 Input      3 Bit        Muxes := 1     
	   2 Input      2 Bit        Muxes := 7     
	   5 Input      2 Bit        Muxes := 1     
	   3 Input      2 Bit        Muxes := 1     
	   2 Input      1 Bit        Muxes := 5     
	   5 Input      1 Bit        Muxes := 32    
---------------------------------------------------------------------------------
Finished RTL Component Statistics 
---------------------------------------------------------------------------------
---------------------------------------------------------------------------------
Start RTL Hierarchical Component Statistics 
---------------------------------------------------------------------------------
Hierarchical RTL Component report 
Module CPU_display 
Detailed RTL Component Info : 
+---Muxes : 
	   4 Input     16 Bit        Muxes := 1     
Module Debounce 
Detailed RTL Component Info : 
+---Registers : 
	                1 Bit    Registers := 3     
Module SignZeroExtend 
Detailed RTL Component Info : 
+---Muxes : 
	   2 Input     16 Bit        Muxes := 1     
Module RegisterFile 
Detailed RTL Component Info : 
+---RAMs : 
	             1024 Bit         RAMs := 1     
+---Muxes : 
	   2 Input      5 Bit        Muxes := 2     
Module PC 
Detailed RTL Component Info : 
+---Adders : 
	   2 Input     32 Bit       Adders := 2     
+---Registers : 
	               32 Bit    Registers := 1     
+---Muxes : 
	   4 Input     32 Bit        Muxes := 1     
	   2 Input     32 Bit        Muxes := 1     
Module InsMEM 
Detailed RTL Component Info : 
+---Adders : 
	   2 Input     32 Bit       Adders := 3     
Module IR 
Detailed RTL Component Info : 
+---Registers : 
	               32 Bit    Registers := 1     
Module ALU 
Detailed RTL Component Info : 
+---Adders : 
	   3 Input     32 Bit       Adders := 1     
+---XORs : 
	   2 Input     32 Bit         XORs := 1     
+---Muxes : 
	   8 Input     32 Bit        Muxes := 1     
Module ControlUnit 
Detailed RTL Component Info : 
+---Muxes : 
	   5 Input      3 Bit        Muxes := 1     
	  10 Input      3 Bit        Muxes := 1     
	   8 Input      3 Bit        Muxes := 1     
	   2 Input      2 Bit        Muxes := 7     
	   5 Input      2 Bit        Muxes := 1     
	   3 Input      2 Bit        Muxes := 1     
	   2 Input      1 Bit        Muxes := 5     
Module DataMEM 
Detailed RTL Component Info : 
+---Adders : 
	   2 Input      5 Bit       Adders := 3     
+---Registers : 
	                8 Bit    Registers := 32    
+---Muxes : 
	   2 Input      8 Bit        Muxes := 96    
	   5 Input      1 Bit        Muxes := 32    
Module MultipleCycleCPU 
Detailed RTL Component Info : 
+---Muxes : 
	   2 Input     32 Bit        Muxes := 4     
Module bcd_scan_display 
Detailed RTL Component Info : 
+---Adders : 
	   2 Input      4 Bit       Adders := 1     
+---Registers : 
	                4 Bit    Registers := 1     
+---Muxes : 
	  16 Input      7 Bit        Muxes := 1     
	   2 Input      4 Bit        Muxes := 3     
	   4 Input      4 Bit        Muxes := 2     
---------------------------------------------------------------------------------
Finished RTL Hierarchical Component Statistics
---------------------------------------------------------------------------------
---------------------------------------------------------------------------------
Start Part Resource Summary
---------------------------------------------------------------------------------
Part Resources:
DSPs: 90 (col length:60)
BRAMs: 100 (col length: RAMB18 60 RAMB36 30)
---------------------------------------------------------------------------------
Finished Part Resource Summary
---------------------------------------------------------------------------------
Start Parallel Synthesis Optimization  : Time (s): cpu = 00:00:21 ; elapsed = 00:00:39 . Memory (MB): peak = 609.676 ; gain = 437.918
---------------------------------------------------------------------------------
Start Cross Boundary Optimization
---------------------------------------------------------------------------------
---------------------------------------------------------------------------------
Finished Cross Boundary Optimization : Time (s): cpu = 00:00:22 ; elapsed = 00:00:40 . Memory (MB): peak = 609.676 ; gain = 437.918
---------------------------------------------------------------------------------
Finished Parallel Reinference  : Time (s): cpu = 00:00:22 ; elapsed = 00:00:40 . Memory (MB): peak = 609.676 ; gain = 437.918

Report RTL Partitions: 
+-+--------------+------------+----------+
| |RTL Partition |Replication |Instances |
+-+--------------+------------+----------+
+-+--------------+------------+----------+
---------------------------------------------------------------------------------
Start ROM, RAM, DSP and Shift Register Reporting
---------------------------------------------------------------------------------

ROM:
+------------+------------+---------------+----------------+
|Module Name | RTL Object | Depth x Width | Implemented As | 
+------------+------------+---------------+----------------+
|InsMEM      | rom        | 128x8         | LUT            | 
|InsMEM      | rom__1     | 128x8         | LUT            | 
|InsMEM      | rom__2     | 128x8         | LUT            | 
|InsMEM      | rom__3     | 128x8         | LUT            | 
|CPU_display | rom        | 128x8         | LUT            | 
|CPU_display | rom__4     | 128x8         | LUT            | 
|CPU_display | rom__5     | 128x8         | LUT            | 
|CPU_display | rom__6     | 128x8         | LUT            | 
+------------+------------+---------------+----------------+


Distributed RAM: 
+------------+------------------------------+-----------+----------------------+---------------+--------------------+
|Module Name | RTL Object                   | Inference | Size (Depth x Width) | Primitives    | Hierarchical Name  | 
+------------+------------------------------+-----------+----------------------+---------------+--------------------+
|CPU_display | cpu/RegisterFile/regFile_reg | Implied   | 32 x 32              | RAM32M x 12   | CPU_display/ram__1 | 
+------------+------------------------------+-----------+----------------------+---------------+--------------------+

Note: The table above shows the Distributed RAMs at the current stage of the synthesis flow. Some Distributed RAMs may be reimplemented as non Distributed RAM primitives later in the synthesis flow. Multiple instantiated RAMs are reported only once. "Hierarchical Name" reflects the Distributed RAM name as it appears in the hierarchical module and only part of it is displayed.
---------------------------------------------------------------------------------
Finished ROM, RAM, DSP and Shift Register Reporting
---------------------------------------------------------------------------------
---------------------------------------------------------------------------------
Start Area Optimization
---------------------------------------------------------------------------------
WARNING: [Synth 8-3332] Sequential element (\cpu/InsMEM/IDataOut_reg[31] ) is unused and will be removed from module CPU_display.
WARNING: [Synth 8-3332] Sequential element (\cpu/InsMEM/IDataOut_reg[30] ) is unused and will be removed from module CPU_display.
WARNING: [Synth 8-3332] Sequential element (\cpu/InsMEM/IDataOut_reg[29] ) is unused and will be removed from module CPU_display.
WARNING: [Synth 8-3332] Sequential element (\cpu/InsMEM/IDataOut_reg[28] ) is unused and will be removed from module CPU_display.
WARNING: [Synth 8-3332] Sequential element (\cpu/InsMEM/IDataOut_reg[27] ) is unused and will be removed from module CPU_display.
WARNING: [Synth 8-3332] Sequential element (\cpu/InsMEM/IDataOut_reg[26] ) is unused and will be removed from module CPU_display.
WARNING: [Synth 8-3332] Sequential element (\cpu/InsMEM/IDataOut_reg[25] ) is unused and will be removed from module CPU_display.
WARNING: [Synth 8-3332] Sequential element (\cpu/InsMEM/IDataOut_reg[24] ) is unused and will be removed from module CPU_display.
WARNING: [Synth 8-3332] Sequential element (\cpu/InsMEM/IDataOut_reg[23] ) is unused and will be removed from module CPU_display.
WARNING: [Synth 8-3332] Sequential element (\cpu/InsMEM/IDataOut_reg[22] ) is unused and will be removed from module CPU_display.
WARNING: [Synth 8-3332] Sequential element (\cpu/InsMEM/IDataOut_reg[21] ) is unused and will be removed from module CPU_display.
WARNING: [Synth 8-3332] Sequential element (\cpu/InsMEM/IDataOut_reg[20] ) is unused and will be removed from module CPU_display.
WARNING: [Synth 8-3332] Sequential element (\cpu/InsMEM/IDataOut_reg[19] ) is unused and will be removed from module CPU_display.
WARNING: [Synth 8-3332] Sequential element (\cpu/InsMEM/IDataOut_reg[18] ) is unused and will be removed from module CPU_display.
WARNING: [Synth 8-3332] Sequential element (\cpu/InsMEM/IDataOut_reg[17] ) is unused and will be removed from module CPU_display.
WARNING: [Synth 8-3332] Sequential element (\cpu/InsMEM/IDataOut_reg[16] ) is unused and will be removed from module CPU_display.
WARNING: [Synth 8-3332] Sequential element (\cpu/InsMEM/IDataOut_reg[15] ) is unused and will be removed from module CPU_display.
WARNING: [Synth 8-3332] Sequential element (\cpu/InsMEM/IDataOut_reg[14] ) is unused and will be removed from module CPU_display.
WARNING: [Synth 8-3332] Sequential element (\cpu/InsMEM/IDataOut_reg[13] ) is unused and will be removed from module CPU_display.
WARNING: [Synth 8-3332] Sequential element (\cpu/InsMEM/IDataOut_reg[12] ) is unused and will be removed from module CPU_display.
WARNING: [Synth 8-3332] Sequential element (\cpu/InsMEM/IDataOut_reg[11] ) is unused and will be removed from module CPU_display.
WARNING: [Synth 8-3332] Sequential element (\cpu/InsMEM/IDataOut_reg[10] ) is unused and will be removed from module CPU_display.
WARNING: [Synth 8-3332] Sequential element (\cpu/InsMEM/IDataOut_reg[9] ) is unused and will be removed from module CPU_display.
WARNING: [Synth 8-3332] Sequential element (\cpu/InsMEM/IDataOut_reg[8] ) is unused and will be removed from module CPU_display.
WARNING: [Synth 8-3332] Sequential element (\cpu/InsMEM/IDataOut_reg[7] ) is unused and will be removed from module CPU_display.
WARNING: [Synth 8-3332] Sequential element (\cpu/InsMEM/IDataOut_reg[6] ) is unused and will be removed from module CPU_display.
WARNING: [Synth 8-3332] Sequential element (\cpu/InsMEM/IDataOut_reg[5] ) is unused and will be removed from module CPU_display.
WARNING: [Synth 8-3332] Sequential element (\cpu/InsMEM/IDataOut_reg[4] ) is unused and will be removed from module CPU_display.
WARNING: [Synth 8-3332] Sequential element (\cpu/InsMEM/IDataOut_reg[3] ) is unused and will be removed from module CPU_display.
WARNING: [Synth 8-3332] Sequential element (\cpu/InsMEM/IDataOut_reg[2] ) is unused and will be removed from module CPU_display.
WARNING: [Synth 8-3332] Sequential element (\cpu/InsMEM/IDataOut_reg[1] ) is unused and will be removed from module CPU_display.
WARNING: [Synth 8-3332] Sequential element (\cpu/InsMEM/IDataOut_reg[0] ) is unused and will be removed from module CPU_display.
WARNING: [Synth 8-3332] Sequential element (\cpu/ALUoutDR/out_reg[31] ) is unused and will be removed from module CPU_display.
WARNING: [Synth 8-3332] Sequential element (\cpu/ALUoutDR/out_reg[30] ) is unused and will be removed from module CPU_display.
WARNING: [Synth 8-3332] Sequential element (\cpu/ALUoutDR/out_reg[29] ) is unused and will be removed from module CPU_display.
WARNING: [Synth 8-3332] Sequential element (\cpu/ALUoutDR/out_reg[28] ) is unused and will be removed from module CPU_display.
WARNING: [Synth 8-3332] Sequential element (\cpu/ALUoutDR/out_reg[27] ) is unused and will be removed from module CPU_display.
WARNING: [Synth 8-3332] Sequential element (\cpu/ALUoutDR/out_reg[26] ) is unused and will be removed from module CPU_display.
WARNING: [Synth 8-3332] Sequential element (\cpu/ALUoutDR/out_reg[25] ) is unused and will be removed from module CPU_display.
WARNING: [Synth 8-3332] Sequential element (\cpu/ALUoutDR/out_reg[24] ) is unused and will be removed from module CPU_display.
WARNING: [Synth 8-3332] Sequential element (\cpu/ALUoutDR/out_reg[23] ) is unused and will be removed from module CPU_display.
WARNING: [Synth 8-3332] Sequential element (\cpu/ALUoutDR/out_reg[22] ) is unused and will be removed from module CPU_display.
WARNING: [Synth 8-3332] Sequential element (\cpu/ALUoutDR/out_reg[21] ) is unused and will be removed from module CPU_display.
WARNING: [Synth 8-3332] Sequential element (\cpu/ALUoutDR/out_reg[20] ) is unused and will be removed from module CPU_display.
WARNING: [Synth 8-3332] Sequential element (\cpu/ALUoutDR/out_reg[19] ) is unused and will be removed from module CPU_display.
WARNING: [Synth 8-3332] Sequential element (\cpu/ALUoutDR/out_reg[18] ) is unused and will be removed from module CPU_display.
WARNING: [Synth 8-3332] Sequential element (\cpu/ALUoutDR/out_reg[17] ) is unused and will be removed from module CPU_display.
WARNING: [Synth 8-3332] Sequential element (\cpu/ALUoutDR/out_reg[16] ) is unused and will be removed from module CPU_display.
WARNING: [Synth 8-3332] Sequential element (\cpu/ALUoutDR/out_reg[15] ) is unused and will be removed from module CPU_display.
WARNING: [Synth 8-3332] Sequential element (\cpu/ALUoutDR/out_reg[14] ) is unused and will be removed from module CPU_display.
WARNING: [Synth 8-3332] Sequential element (\cpu/ALUoutDR/out_reg[13] ) is unused and will be removed from module CPU_display.
WARNING: [Synth 8-3332] Sequential element (\cpu/ALUoutDR/out_reg[12] ) is unused and will be removed from module CPU_display.
WARNING: [Synth 8-3332] Sequential element (\cpu/ALUoutDR/out_reg[11] ) is unused and will be removed from module CPU_display.
WARNING: [Synth 8-3332] Sequential element (\cpu/ALUoutDR/out_reg[10] ) is unused and will be removed from module CPU_display.
WARNING: [Synth 8-3332] Sequential element (\cpu/ALUoutDR/out_reg[9] ) is unused and will be removed from module CPU_display.
WARNING: [Synth 8-3332] Sequential element (\cpu/ALUoutDR/out_reg[8] ) is unused and will be removed from module CPU_display.
WARNING: [Synth 8-3332] Sequential element (\cpu/ALUoutDR/out_reg[7] ) is unused and will be removed from module CPU_display.
WARNING: [Synth 8-3332] Sequential element (\cpu/ALUoutDR/out_reg[6] ) is unused and will be removed from module CPU_display.
WARNING: [Synth 8-3332] Sequential element (\cpu/ALUoutDR/out_reg[5] ) is unused and will be removed from module CPU_display.
WARNING: [Synth 8-3332] Sequential element (\cpu/PC/curPC_reg_rep[31] ) is unused and will be removed from module CPU_display.
WARNING: [Synth 8-3332] Sequential element (\cpu/PC/curPC_reg_rep[30] ) is unused and will be removed from module CPU_display.
WARNING: [Synth 8-3332] Sequential element (\cpu/PC/curPC_reg_rep[29] ) is unused and will be removed from module CPU_display.
WARNING: [Synth 8-3332] Sequential element (\cpu/PC/curPC_reg_rep[28] ) is unused and will be removed from module CPU_display.
WARNING: [Synth 8-3332] Sequential element (\cpu/PC/curPC_reg_rep[27] ) is unused and will be removed from module CPU_display.
WARNING: [Synth 8-3332] Sequential element (\cpu/PC/curPC_reg_rep[26] ) is unused and will be removed from module CPU_display.
WARNING: [Synth 8-3332] Sequential element (\cpu/PC/curPC_reg_rep[25] ) is unused and will be removed from module CPU_display.
WARNING: [Synth 8-3332] Sequential element (\cpu/PC/curPC_reg_rep[24] ) is unused and will be removed from module CPU_display.
WARNING: [Synth 8-3332] Sequential element (\cpu/PC/curPC_reg_rep[23] ) is unused and will be removed from module CPU_display.
WARNING: [Synth 8-3332] Sequential element (\cpu/PC/curPC_reg_rep[22] ) is unused and will be removed from module CPU_display.
WARNING: [Synth 8-3332] Sequential element (\cpu/PC/curPC_reg_rep[21] ) is unused and will be removed from module CPU_display.
WARNING: [Synth 8-3332] Sequential element (\cpu/PC/curPC_reg_rep[20] ) is unused and will be removed from module CPU_display.
WARNING: [Synth 8-3332] Sequential element (\cpu/PC/curPC_reg_rep[19] ) is unused and will be removed from module CPU_display.
WARNING: [Synth 8-3332] Sequential element (\cpu/PC/curPC_reg_rep[18] ) is unused and will be removed from module CPU_display.
WARNING: [Synth 8-3332] Sequential element (\cpu/PC/curPC_reg_rep[17] ) is unused and will be removed from module CPU_display.
WARNING: [Synth 8-3332] Sequential element (\cpu/PC/curPC_reg_rep[16] ) is unused and will be removed from module CPU_display.
WARNING: [Synth 8-3332] Sequential element (\cpu/PC/curPC_reg_rep[15] ) is unused and will be removed from module CPU_display.
WARNING: [Synth 8-3332] Sequential element (\cpu/PC/curPC_reg_rep[14] ) is unused and will be removed from module CPU_display.
WARNING: [Synth 8-3332] Sequential element (\cpu/PC/curPC_reg_rep[13] ) is unused and will be removed from module CPU_display.
WARNING: [Synth 8-3332] Sequential element (\cpu/PC/curPC_reg_rep[12] ) is unused and will be removed from module CPU_display.
WARNING: [Synth 8-3332] Sequential element (\cpu/PC/curPC_reg_rep[11] ) is unused and will be removed from module CPU_display.
WARNING: [Synth 8-3332] Sequential element (\cpu/PC/curPC_reg_rep[10] ) is unused and will be removed from module CPU_display.
WARNING: [Synth 8-3332] Sequential element (\cpu/PC/curPC_reg_rep[9] ) is unused and will be removed from module CPU_display.
WARNING: [Synth 8-3332] Sequential element (\cpu/PC/curPC_reg_rep[8] ) is unused and will be removed from module CPU_display.
WARNING: [Synth 8-3332] Sequential element (\cpu/PC/curPC_reg_rep[7] ) is unused and will be removed from module CPU_display.
---------------------------------------------------------------------------------
Finished Area Optimization : Time (s): cpu = 00:00:31 ; elapsed = 00:00:50 . Memory (MB): peak = 609.676 ; gain = 437.918
---------------------------------------------------------------------------------
Finished Parallel Area Optimization  : Time (s): cpu = 00:00:31 ; elapsed = 00:00:50 . Memory (MB): peak = 609.676 ; gain = 437.918

Report RTL Partitions: 
+-+--------------+------------+----------+
| |RTL Partition |Replication |Instances |
+-+--------------+------------+----------+
+-+--------------+------------+----------+
---------------------------------------------------------------------------------
Start Timing Optimization
---------------------------------------------------------------------------------
---------------------------------------------------------------------------------
Start Applying XDC Timing Constraints
---------------------------------------------------------------------------------
---------------------------------------------------------------------------------
Finished Applying XDC Timing Constraints : Time (s): cpu = 00:00:45 ; elapsed = 00:01:07 . Memory (MB): peak = 612.840 ; gain = 441.082
---------------------------------------------------------------------------------
---------------------------------------------------------------------------------
Finished Timing Optimization : Time (s): cpu = 00:00:45 ; elapsed = 00:01:08 . Memory (MB): peak = 613.902 ; gain = 442.145
---------------------------------------------------------------------------------
Finished Parallel Timing Optimization  : Time (s): cpu = 00:00:45 ; elapsed = 00:01:08 . Memory (MB): peak = 613.902 ; gain = 442.145

Report RTL Partitions: 
+-+--------------+------------+----------+
| |RTL Partition |Replication |Instances |
+-+--------------+------------+----------+
+-+--------------+------------+----------+
Finished Parallel Synthesis Optimization  : Time (s): cpu = 00:00:45 ; elapsed = 00:01:08 . Memory (MB): peak = 613.902 ; gain = 442.145
---------------------------------------------------------------------------------
Start Technology Mapping
---------------------------------------------------------------------------------
---------------------------------------------------------------------------------
Finished Technology Mapping : Time (s): cpu = 00:00:46 ; elapsed = 00:01:09 . Memory (MB): peak = 634.910 ; gain = 463.152
---------------------------------------------------------------------------------

Report RTL Partitions: 
+-+--------------+------------+----------+
| |RTL Partition |Replication |Instances |
+-+--------------+------------+----------+
+-+--------------+------------+----------+
---------------------------------------------------------------------------------
Start IO Insertion
---------------------------------------------------------------------------------
---------------------------------------------------------------------------------
Start Flattening Before IO Insertion
---------------------------------------------------------------------------------
---------------------------------------------------------------------------------
Finished Flattening Before IO Insertion
---------------------------------------------------------------------------------
---------------------------------------------------------------------------------
Start Final Netlist Cleanup
---------------------------------------------------------------------------------
---------------------------------------------------------------------------------
Finished Final Netlist Cleanup
---------------------------------------------------------------------------------
---------------------------------------------------------------------------------
Finished IO Insertion : Time (s): cpu = 00:00:47 ; elapsed = 00:01:10 . Memory (MB): peak = 634.910 ; gain = 463.152
---------------------------------------------------------------------------------

Report Check Netlist: 
+------+------------------+-------+---------+-------+------------------+
|      |Item              |Errors |Warnings |Status |Description       |
+------+------------------+-------+---------+-------+------------------+
|1     |multi_driven_nets |      0|        0|Passed |Multi driven nets |
+------+------------------+-------+---------+-------+------------------+
---------------------------------------------------------------------------------
Start Renaming Generated Instances
---------------------------------------------------------------------------------
---------------------------------------------------------------------------------
Finished Renaming Generated Instances : Time (s): cpu = 00:00:47 ; elapsed = 00:01:10 . Memory (MB): peak = 634.910 ; gain = 463.152
---------------------------------------------------------------------------------

Report RTL Partitions: 
+-+--------------+------------+----------+
| |RTL Partition |Replication |Instances |
+-+--------------+------------+----------+
+-+--------------+------------+----------+
---------------------------------------------------------------------------------
Start Rebuilding User Hierarchy
---------------------------------------------------------------------------------
---------------------------------------------------------------------------------
Finished Rebuilding User Hierarchy : Time (s): cpu = 00:00:47 ; elapsed = 00:01:10 . Memory (MB): peak = 634.910 ; gain = 463.152
---------------------------------------------------------------------------------
---------------------------------------------------------------------------------
Start Renaming Generated Ports
---------------------------------------------------------------------------------
---------------------------------------------------------------------------------
Finished Renaming Generated Ports : Time (s): cpu = 00:00:47 ; elapsed = 00:01:10 . Memory (MB): peak = 634.910 ; gain = 463.152
---------------------------------------------------------------------------------
---------------------------------------------------------------------------------
Start Handling Custom Attributes
---------------------------------------------------------------------------------
---------------------------------------------------------------------------------
Finished Handling Custom Attributes : Time (s): cpu = 00:00:48 ; elapsed = 00:01:10 . Memory (MB): peak = 634.910 ; gain = 463.152
---------------------------------------------------------------------------------
---------------------------------------------------------------------------------
Start Renaming Generated Nets
---------------------------------------------------------------------------------
---------------------------------------------------------------------------------
Finished Renaming Generated Nets : Time (s): cpu = 00:00:48 ; elapsed = 00:01:10 . Memory (MB): peak = 634.910 ; gain = 463.152
---------------------------------------------------------------------------------
---------------------------------------------------------------------------------
Start Writing Synthesis Report
---------------------------------------------------------------------------------

Report BlackBoxes: 
+-+--------------+----------+
| |BlackBox name |Instances |
+-+--------------+----------+
+-+--------------+----------+

Report Cell Usage: 
+------+-------+------+
|      |Cell   |Count |
+------+-------+------+
|1     |BUFG   |     2|
|2     |CARRY4 |    35|
|3     |LUT1   |    67|
|4     |LUT2   |   101|
|5     |LUT3   |   139|
|6     |LUT4   |   166|
|7     |LUT5   |   312|
|8     |LUT6   |   705|
|9     |MUXF7  |   156|
|10    |RAM32M |    12|
|11    |FDCE   |    42|
|12    |FDRE   |   432|
|13    |IBUF   |     5|
|14    |OBUF   |    14|
+------+-------+------+

Report Instance Areas: 
+------+-----------------+-----------------+------+
|      |Instance         |Module           |Cells |
+------+-----------------+-----------------+------+
|1     |top              |                 |  2188|
|2     |  cpu            |MultipleCycleCPU |  2074|
|3     |    ADR          |DR               |    73|
|4     |    ALU          |ALU              |    40|
|5     |    ALUoutDR     |DR_0             |   342|
|6     |    BDR          |DR_1             |   109|
|7     |    ControlUnit  |ControlUnit      |    12|
|8     |    DBDR         |DR_2             |    65|
|9     |    DataMEM      |DataMEM          |   704|
|10    |    IR           |IR               |   494|
|11    |    PC           |PC               |   215|
|12    |    RegisterFile |RegisterFile     |    20|
|13    |  db             |Debounce         |     4|
|14    |  scan           |bcd_scan_display |    89|
+------+-----------------+-----------------+------+
---------------------------------------------------------------------------------
Finished Writing Synthesis Report : Time (s): cpu = 00:00:48 ; elapsed = 00:01:10 . Memory (MB): peak = 634.910 ; gain = 463.152
---------------------------------------------------------------------------------
Synthesis finished with 0 errors, 0 critical warnings and 85 warnings.
Synthesis Optimization Runtime : Time (s): cpu = 00:00:33 ; elapsed = 00:00:50 . Memory (MB): peak = 634.910 ; gain = 138.633
Synthesis Optimization Complete : Time (s): cpu = 00:00:48 ; elapsed = 00:01:10 . Memory (MB): peak = 634.910 ; gain = 463.152
INFO: [Project 1-571] Translating synthesized netlist
INFO: [Netlist 29-17] Analyzing 52 Unisim elements for replacement
INFO: [Netlist 29-28] Unisim Transformation completed in 0 CPU seconds
INFO: [Project 1-570] Preparing netlist for logic optimization
INFO: [Opt 31-138] Pushed 5 inverter(s) to 112 load pin(s).
INFO: [Project 1-111] Unisim Transformation Summary:
  A total of 12 instances were transformed.
  RAM32M => RAM32M (RAMD32, RAMD32, RAMD32, RAMD32, RAMD32, RAMD32, RAMS32, RAMS32): 12 instances

INFO: [Common 17-83] Releasing license: Synthesis
54 Infos, 86 Warnings, 0 Critical Warnings and 0 Errors encountered.
synth_design completed successfully
synth_design: Time (s): cpu = 00:00:47 ; elapsed = 00:01:02 . Memory (MB): peak = 634.910 ; gain = 428.625
report_utilization: Time (s): cpu = 00:00:00 ; elapsed = 00:00:00.059 . Memory (MB): peak = 634.910 ; gain = 0.000
INFO: [Common 17-206] Exiting Vivado at Wed Jun 20 17:42:29 2018...
