#-----------------------------------------------------------
# Vivado v2015.3 (64-bit)
# SW Build 1368829 on Mon Sep 28 20:06:43 MDT 2015
# IP Build 1367837 on Mon Sep 28 08:56:14 MDT 2015
# Start of session at: Tue Jun 19 14:19:03 2018
# Process ID: 19532
# Current directory: D:/NEW/vivado/MultipleCycleCPU
# Command line: vivado.exe -gui_launcher_event rodinguilauncherevent19792 D:\NEW\vivado\MultipleCycleCPU\MultipleCycleCPU.xpr
# Log file: D:/NEW/vivado/MultipleCycleCPU/vivado.log
# Journal file: D:/NEW/vivado/MultipleCycleCPU\vivado.jou
#-----------------------------------------------------------
start_gui
open_project D:/NEW/vivado/MultipleCycleCPU/MultipleCycleCPU.xpr
Scanning sources...
Finished scanning sources
INFO: [IP_Flow 19-234] Refreshing IP repositories
INFO: [IP_Flow 19-1704] No user IP repositories specified
INFO: [IP_Flow 19-2313] Loaded Vivado IP repository 'D:/Xilinx/Vivado/2015.3/data/ip'.
open_project: Time (s): cpu = 00:00:27 ; elapsed = 00:00:25 . Memory (MB): peak = 793.266 ; gain = 221.945
exit
INFO: [Common 17-206] Exiting Vivado at Tue Jun 19 14:21:43 2018...
